Determining if the function fseeko exists failed with the following output:
Change Dir: D:/Study/Python/Lib/opencv-4.5.0/build/CMakeFiles/CMakeScratch/TryCompile-qlds6h

Run Build Command(s):C:/Program Files/Microsoft Visual Studio/2022/Community/MSBuild/Current/Bin/amd64/MSBuild.exe cmTC_389c7.vcxproj /p:Configuration=Debug /p:Platform=x64 /p:VisualStudioVersion=17.0 /v:m && MSBuild version 17.4.1+9a89d02ff for .NET Framework
  Microsoft (R) C/C++ Optimizing Compiler Version 19.34.31937 for x64
  CheckFunctionExists.c
  Copyright (C) Microsoft Corporation.  All rights reserved.
  cl /c /Zi /W3 /WX- /diagnostics:column /MP /Od /Ob0 /Oi /D _MBCS /D WIN32 /D _WINDOWS /D _CRT_SECURE_NO_DEPRECATE /D _CRT_NONSTDC_NO_DEPRECATE /D _SCL_SECURE_NO_WARNINGS /D CHECK_FUNCTION_EXISTS=fseeko /D "CMAKE_INTDIR=\"Debug\"" /Gm- /RTC1 /MDd /GS /Gy /fp:precise /Zc:wchar_t /Zc:forScope /Zc:inline /Fo"cmTC_389c7.dir\Debug\\" /Fd"cmTC_389c7.dir\Debug\vc143.pdb" /external:W3 /Gd /TC /errorReport:queue  /bigobj "D:\Study\Python\Lib\opencv-4.5.0\build\CMakeFiles\CMakeScratch\TryCompile-qlds6h\CheckFunctionExists.c"
CheckFunctionExists.obj : error LNK2019: unresolved external symbol fseeko referenced in function main [D:\Study\Python\Lib\opencv-4.5.0\build\CMakeFiles\CMakeScratch\TryCompile-qlds6h\cmTC_389c7.vcxproj]
D:\Study\Python\Lib\opencv-4.5.0\build\CMakeFiles\CMakeScratch\TryCompile-qlds6h\Debug\cmTC_389c7.exe : fatal error LNK1120: 1 unresolved externals [D:\Study\Python\Lib\opencv-4.5.0\build\CMakeFiles\CMakeScratch\TryCompile-qlds6h\cmTC_389c7.vcxproj]



Determining size of off64_t failed with the following output:
Change Dir: D:/Study/Python/Lib/opencv-4.5.0/build/CMakeFiles/CMakeScratch/TryCompile-ra4cie

Run Build Command(s):C:/Program Files/Microsoft Visual Studio/2022/Community/MSBuild/Current/Bin/amd64/MSBuild.exe cmTC_6c913.vcxproj /p:Configuration=Debug /p:Platform=x64 /p:VisualStudioVersion=17.0 /v:m && MSBuild version 17.4.1+9a89d02ff for .NET Framework
  Microsoft (R) C/C++ Optimizing Compiler Version 19.34.31937 for x64
  OFF64_T.c
D:\Study\Python\Lib\opencv-4.5.0\build\CMakeFiles\CMakeScratch\TryCompile-ra4cie\OFF64_T.c(29,12): error C2065: 'off64_t': undeclared identifier [D:\Study\Python\Lib\opencv-4.5.0\build\CMakeFiles\CMakeScratch\TryCompile-ra4cie\cmTC_6c913.vcxproj]
D:\Study\Python\Lib\opencv-4.5.0\build\CMakeFiles\CMakeScratch\TryCompile-ra4cie\OFF64_T.c(30,12): error C2065: 'off64_t': undeclared identifier [D:\Study\Python\Lib\opencv-4.5.0\build\CMakeFiles\CMakeScratch\TryCompile-ra4cie\cmTC_6c913.vcxproj]
D:\Study\Python\Lib\opencv-4.5.0\build\CMakeFiles\CMakeScratch\TryCompile-ra4cie\OFF64_T.c(31,12): error C2065: 'off64_t': undeclared identifier [D:\Study\Python\Lib\opencv-4.5.0\build\CMakeFiles\CMakeScratch\TryCompile-ra4cie\cmTC_6c913.vcxproj]
D:\Study\Python\Lib\opencv-4.5.0\build\CMakeFiles\CMakeScratch\TryCompile-ra4cie\OFF64_T.c(32,12): error C2065: 'off64_t': undeclared identifier [D:\Study\Python\Lib\opencv-4.5.0\build\CMakeFiles\CMakeScratch\TryCompile-ra4cie\cmTC_6c913.vcxproj]
D:\Study\Python\Lib\opencv-4.5.0\build\CMakeFiles\CMakeScratch\TryCompile-ra4cie\OFF64_T.c(33,12): error C2065: 'off64_t': undeclared identifier [D:\Study\Python\Lib\opencv-4.5.0\build\CMakeFiles\CMakeScratch\TryCompile-ra4cie\cmTC_6c913.vcxproj]
  Copyright (C) Microsoft Corporation.  All rights reserved.
  cl /c /Zi /W3 /WX- /diagnostics:column /MP /Od /Ob0 /Oi /D _MBCS /D WIN32 /D _WINDOWS /D _CRT_SECURE_NO_DEPRECATE /D _CRT_NONSTDC_NO_DEPRECATE /D _SCL_SECURE_NO_WARNINGS /D "CMAKE_INTDIR=\"Debug\"" /Gm- /RTC1 /MDd /GS /Gy /fp:precise /Zc:wchar_t /Zc:forScope /Zc:inline /Fo"cmTC_6c913.dir\Debug\\" /Fd"cmTC_6c913.dir\Debug\vc143.pdb" /external:W3 /Gd /TC /errorReport:queue  /bigobj "D:\Study\Python\Lib\opencv-4.5.0\build\CMakeFiles\CMakeScratch\TryCompile-ra4cie\OFF64_T.c"


OFF64_T.c:
#include <sys/types.h>
#include <stdint.h>
#include <stddef.h>


#undef KEY
#if defined(__i386)
# define KEY '_','_','i','3','8','6'
#elif defined(__x86_64)
# define KEY '_','_','x','8','6','_','6','4'
#elif defined(__PPC64__)
# define KEY '_','_','P','P','C','6','4','_','_'
#elif defined(__ppc64__)
# define KEY '_','_','p','p','c','6','4','_','_'
#elif defined(__PPC__)
# define KEY '_','_','P','P','C','_','_'
#elif defined(__ppc__)
# define KEY '_','_','p','p','c','_','_'
#elif defined(__aarch64__)
# define KEY '_','_','a','a','r','c','h','6','4','_','_'
#elif defined(__ARM_ARCH_7A__)
# define KEY '_','_','A','R','M','_','A','R','C','H','_','7','A','_','_'
#elif defined(__ARM_ARCH_7S__)
# define KEY '_','_','A','R','M','_','A','R','C','H','_','7','S','_','_'
#endif

#define SIZE (sizeof(off64_t))
static char info_size[] =  {'I', 'N', 'F', 'O', ':', 's','i','z','e','[',
  ('0' + ((SIZE / 10000)%10)),
  ('0' + ((SIZE / 1000)%10)),
  ('0' + ((SIZE / 100)%10)),
  ('0' + ((SIZE / 10)%10)),
  ('0' +  (SIZE    % 10)),
  ']',
#ifdef KEY
  ' ','k','e','y','[', KEY, ']',
#endif
  '\0'};

#ifdef __CLASSIC_C__
int main(argc, argv) int argc; char *argv[];
#else
int main(int argc, char *argv[])
#endif
{
  int require = 0;
  require += info_size[argc];
  (void)argv;
  return require;
}


Determining if the function memmove exists failed with the following output:
Change Dir: D:/Study/Python/Lib/opencv-4.5.0/build/CMakeFiles/CMakeScratch/TryCompile-nuqa1b

Run Build Command(s):C:/Program Files/Microsoft Visual Studio/2022/Community/MSBuild/Current/Bin/amd64/MSBuild.exe cmTC_11cdf.vcxproj /p:Configuration=Debug /p:Platform=x64 /p:VisualStudioVersion=17.0 /v:m && MSBuild version 17.4.1+9a89d02ff for .NET Framework
  Microsoft (R) C/C++ Optimizing Compiler Version 19.34.31937 for x64
  CheckFunctionExists.c
D:\Study\Python\Lib\opencv-4.5.0\build\CMakeFiles\CMakeScratch\TryCompile-nuqa1b\CheckFunctionExists.c(7,3): warning C4391: 'char memmove(void)': incorrect return type for intrinsic function, expected 'void' [D:\Study\Python\Lib\opencv-4.5.0\build\CMakeFiles\CMakeScratch\TryCompile-nuqa1b\cmTC_11cdf.vcxproj]
D:\Study\Python\Lib\opencv-4.5.0\build\CMakeFiles\CMakeScratch\TryCompile-nuqa1b\CheckFunctionExists.c(7,3): warning C4392: 'char memmove(void)': incorrect number of arguments for intrinsic function, expected '3' arguments [D:\Study\Python\Lib\opencv-4.5.0\build\CMakeFiles\CMakeScratch\TryCompile-nuqa1b\cmTC_11cdf.vcxproj]
D:\Study\Python\Lib\opencv-4.5.0\build\CMakeFiles\CMakeScratch\TryCompile-nuqa1b\CheckFunctionExists.c(17,3): error C2168: 'memmove': too few actual parameters for intrinsic function [D:\Study\Python\Lib\opencv-4.5.0\build\CMakeFiles\CMakeScratch\TryCompile-nuqa1b\cmTC_11cdf.vcxproj]
  Copyright (C) Microsoft Corporation.  All rights reserved.
  cl /c /Zi /W3 /WX- /diagnostics:column /MP /Od /Ob0 /Oi /D _MBCS /D WIN32 /D _WINDOWS /D _CRT_SECURE_NO_DEPRECATE /D _CRT_NONSTDC_NO_DEPRECATE /D _SCL_SECURE_NO_WARNINGS /D CHECK_FUNCTION_EXISTS=memmove /D "CMAKE_INTDIR=\"Debug\"" /Gm- /RTC1 /MDd /GS /Gy /fp:precise /Zc:wchar_t /Zc:forScope /Zc:inline /Fo"cmTC_11cdf.dir\Debug\\" /Fd"cmTC_11cdf.dir\Debug\vc143.pdb" /external:W3 /Gd /TC /errorReport:queue  /bigobj "D:\Study\Python\Lib\opencv-4.5.0\build\CMakeFiles\CMakeScratch\TryCompile-nuqa1b\CheckFunctionExists.c"



Determining if the function strcasecmp exists failed with the following output:
Change Dir: D:/Study/Python/Lib/opencv-4.5.0/build/CMakeFiles/CMakeScratch/TryCompile-pt0l9e

Run Build Command(s):C:/Program Files/Microsoft Visual Studio/2022/Community/MSBuild/Current/Bin/amd64/MSBuild.exe cmTC_aab2e.vcxproj /p:Configuration=Debug /p:Platform=x64 /p:VisualStudioVersion=17.0 /v:m && MSBuild version 17.4.1+9a89d02ff for .NET Framework
  Microsoft (R) C/C++ Optimizing Compiler Version 19.34.31937 for x64
  CheckFunctionExists.c
  Copyright (C) Microsoft Corporation.  All rights reserved.
  cl /c /Zi /W3 /WX- /diagnostics:column /MP /Od /Ob0 /Oi /D _MBCS /D WIN32 /D _WINDOWS /D _CRT_SECURE_NO_DEPRECATE /D _CRT_NONSTDC_NO_DEPRECATE /D _SCL_SECURE_NO_WARNINGS /D CHECK_FUNCTION_EXISTS=strcasecmp /D "CMAKE_INTDIR=\"Debug\"" /Gm- /RTC1 /MDd /GS /Gy /fp:precise /Zc:wchar_t /Zc:forScope /Zc:inline /Fo"cmTC_aab2e.dir\Debug\\" /Fd"cmTC_aab2e.dir\Debug\vc143.pdb" /external:W3 /Gd /TC /errorReport:queue  /bigobj "D:\Study\Python\Lib\opencv-4.5.0\build\CMakeFiles\CMakeScratch\TryCompile-pt0l9e\CheckFunctionExists.c"
CheckFunctionExists.obj : error LNK2019: unresolved external symbol strcasecmp referenced in function main [D:\Study\Python\Lib\opencv-4.5.0\build\CMakeFiles\CMakeScratch\TryCompile-pt0l9e\cmTC_aab2e.vcxproj]
D:\Study\Python\Lib\opencv-4.5.0\build\CMakeFiles\CMakeScratch\TryCompile-pt0l9e\Debug\cmTC_aab2e.exe : fatal error LNK1120: 1 unresolved externals [D:\Study\Python\Lib\opencv-4.5.0\build\CMakeFiles\CMakeScratch\TryCompile-pt0l9e\cmTC_aab2e.vcxproj]



Build output check failed:
    Regex: 'unknown .*option'
    Output line: 'cl : command line  warning D9002: ignoring unknown option '-std=c99' [D:\Study\Python\Lib\opencv-4.5.0\build\CMakeFiles\CMakeTmp\cmTC_a457d.vcxproj]'
Compilation failed:
    source file: 'D:/Study/Python/Lib/opencv-4.5.0/build/CMakeFiles/CMakeTmp/src.c'
    check option: ' /DWIN32 /D_WINDOWS /W3  /D _CRT_SECURE_NO_DEPRECATE /D _CRT_NONSTDC_NO_DEPRECATE /D _SCL_SECURE_NO_WARNINGS /Gy /bigobj /Oi  /fp:precise     /MP -std=c99'
===== BUILD LOG =====
Change Dir: D:/Study/Python/Lib/opencv-4.5.0/build/CMakeFiles/CMakeTmp

Run Build Command(s):C:/Program Files/Microsoft Visual Studio/2022/Community/MSBuild/Current/Bin/amd64/MSBuild.exe cmTC_a457d.vcxproj /p:Configuration=Debug /p:Platform=x64 /p:VisualStudioVersion=17.0 /v:m && MSBuild version 17.4.1+9a89d02ff for .NET Framework
  Microsoft (R) C/C++ Optimizing Compiler Version 19.34.31937 for x64
  src.c
  Copyright (C) Microsoft Corporation.  All rights reserved.
  cl /c /Zi /W3 /WX- /diagnostics:column /MP /Od /Ob0 /Oi /D _MBCS /D WIN32 /D _WINDOWS /D _CRT_SECURE_NO_DEPRECATE /D _CRT_NONSTDC_NO_DEPRECATE /D _SCL_SECURE_NO_WARNINGS /D "CMAKE_INTDIR=\"Debug\"" /Gm- /RTC1 /MDd /GS /Gy /fp:precise /Zc:wchar_t /Zc:forScope /Zc:inline /Fo"cmTC_a457d.dir\Debug\\" /Fd"cmTC_a457d.dir\Debug\vc143.pdb" /external:W3 /Gd /TC /errorReport:queue  /bigobj /bigobj -std=c99 "D:\Study\Python\Lib\opencv-4.5.0\build\CMakeFiles\CMakeTmp\src.c"
cl : command line  warning D9002: ignoring unknown option '-std=c99' [D:\Study\Python\Lib\opencv-4.5.0\build\CMakeFiles\CMakeTmp\cmTC_a457d.vcxproj]
  cmTC_a457d.vcxproj -> D:\Study\Python\Lib\opencv-4.5.0\build\CMakeFiles\CMakeTmp\Debug\cmTC_a457d.exe


===== END =====

Determining if the include file strings.h exists failed with the following output:
Change Dir: D:/Study/Python/Lib/opencv-4.5.0/build/CMakeFiles/CMakeScratch/TryCompile-jvk0a2

Run Build Command(s):C:/Program Files/Microsoft Visual Studio/2022/Community/MSBuild/Current/Bin/amd64/MSBuild.exe cmTC_f39ab.vcxproj /p:Configuration=Debug /p:Platform=x64 /p:VisualStudioVersion=17.0 /v:m && MSBuild version 17.4.1+9a89d02ff for .NET Framework
  Microsoft (R) C/C++ Optimizing Compiler Version 19.34.31937 for x64
  CheckIncludeFile.c
  Copyright (C) Microsoft Corporation.  All rights reserved.
  cl /c /Zi /W3 /WX- /diagnostics:column /MP /Od /Ob0 /Oi /D _MBCS /D WIN32 /D _WINDOWS /D _CRT_SECURE_NO_DEPRECATE /D _CRT_NONSTDC_NO_DEPRECATE /D _SCL_SECURE_NO_WARNINGS /D "CMAKE_INTDIR=\"Debug\"" /Gm- /RTC1 /MDd /GS /Gy /fp:precise /Zc:wchar_t /Zc:forScope /Zc:inline /Fo"cmTC_f39ab.dir\Debug\\" /Fd"cmTC_f39ab.dir\Debug\vc143.pdb" /external:W3 /Gd /TC /errorReport:queue  /bigobj "D:\Study\Python\Lib\opencv-4.5.0\build\CMakeFiles\CMakeScratch\TryCompile-jvk0a2\CheckIncludeFile.c"
D:\Study\Python\Lib\opencv-4.5.0\build\CMakeFiles\CMakeScratch\TryCompile-jvk0a2\CheckIncludeFile.c(1,10): fatal  error C1083: Cannot open include file: 'strings.h': No such file or directory [D:\Study\Python\Lib\opencv-4.5.0\build\CMakeFiles\CMakeScratch\TryCompile-jvk0a2\cmTC_f39ab.vcxproj]



Determining if the include file unistd.h exists failed with the following output:
Change Dir: D:/Study/Python/Lib/opencv-4.5.0/build/CMakeFiles/CMakeScratch/TryCompile-jfnxij

Run Build Command(s):C:/Program Files/Microsoft Visual Studio/2022/Community/MSBuild/Current/Bin/amd64/MSBuild.exe cmTC_6bc2b.vcxproj /p:Configuration=Debug /p:Platform=x64 /p:VisualStudioVersion=17.0 /v:m && MSBuild version 17.4.1+9a89d02ff for .NET Framework
  Microsoft (R) C/C++ Optimizing Compiler Version 19.34.31937 for x64
  CheckIncludeFile.c
  Copyright (C) Microsoft Corporation.  All rights reserved.
  cl /c /Zi /W3 /WX- /diagnostics:column /MP /Od /Ob0 /Oi /D _MBCS /D WIN32 /D _WINDOWS /D _CRT_SECURE_NO_DEPRECATE /D _CRT_NONSTDC_NO_DEPRECATE /D _SCL_SECURE_NO_WARNINGS /D "CMAKE_INTDIR=\"Debug\"" /Gm- /RTC1 /MDd /GS /Gy /fp:precise /Zc:wchar_t /Zc:forScope /Zc:inline /Fo"cmTC_6bc2b.dir\Debug\\" /Fd"cmTC_6bc2b.dir\Debug\vc143.pdb" /external:W3 /Gd /TC /errorReport:queue  /bigobj "D:\Study\Python\Lib\opencv-4.5.0\build\CMakeFiles\CMakeScratch\TryCompile-jfnxij\CheckIncludeFile.c"
D:\Study\Python\Lib\opencv-4.5.0\build\CMakeFiles\CMakeScratch\TryCompile-jfnxij\CheckIncludeFile.c(1,10): fatal  error C1083: Cannot open include file: 'unistd.h': No such file or directory [D:\Study\Python\Lib\opencv-4.5.0\build\CMakeFiles\CMakeScratch\TryCompile-jfnxij\cmTC_6bc2b.vcxproj]



Determining if the posix_memalign exist failed with the following output:
Change Dir: D:/Study/Python/Lib/opencv-4.5.0/build/CMakeFiles/CMakeScratch/TryCompile-xb9f3k

Run Build Command(s):C:/Program Files/Microsoft Visual Studio/2022/Community/MSBuild/Current/Bin/amd64/MSBuild.exe cmTC_d5318.vcxproj /p:Configuration=Debug /p:Platform=x64 /p:VisualStudioVersion=17.0 /v:m && MSBuild version 17.4.1+9a89d02ff for .NET Framework
  Microsoft (R) C/C++ Optimizing Compiler Version 19.34.31937 for x64
  CheckSymbolExists.c
D:\Study\Python\Lib\opencv-4.5.0\build\CMakeFiles\CMakeScratch\TryCompile-xb9f3k\CheckSymbolExists.c(8,33): error C2065: 'posix_memalign': undeclared identifier [D:\Study\Python\Lib\opencv-4.5.0\build\CMakeFiles\CMakeScratch\TryCompile-xb9f3k\cmTC_d5318.vcxproj]
  Copyright (C) Microsoft Corporation.  All rights reserved.
  cl /c /Zi /W3 /WX- /diagnostics:column /MP /Od /Ob0 /Oi /D _MBCS /D WIN32 /D _WINDOWS /D _CRT_SECURE_NO_DEPRECATE /D _CRT_NONSTDC_NO_DEPRECATE /D _SCL_SECURE_NO_WARNINGS /D _POSIX_C_SOURCE=200112L /D "CMAKE_INTDIR=\"Debug\"" /Gm- /RTC1 /MDd /GS /Gy /fp:precise /Zc:wchar_t /Zc:forScope /Zc:inline /Fo"cmTC_d5318.dir\Debug\\" /Fd"cmTC_d5318.dir\Debug\vc143.pdb" /external:W3 /Gd /TC /errorReport:queue  /bigobj "D:\Study\Python\Lib\opencv-4.5.0\build\CMakeFiles\CMakeScratch\TryCompile-xb9f3k\CheckSymbolExists.c"


File CheckSymbolExists.c:
/* */
#include <stdlib.h>

int main(int argc, char** argv)
{
  (void)argv;
#ifndef posix_memalign
  return ((int*)(&posix_memalign))[argc];
#else
  (void)argc;
  return 0;
#endif
}

Determining if the memalign exist failed with the following output:
Change Dir: D:/Study/Python/Lib/opencv-4.5.0/build/CMakeFiles/CMakeScratch/TryCompile-f5bfpg

Run Build Command(s):C:/Program Files/Microsoft Visual Studio/2022/Community/MSBuild/Current/Bin/amd64/MSBuild.exe cmTC_9cbec.vcxproj /p:Configuration=Debug /p:Platform=x64 /p:VisualStudioVersion=17.0 /v:m && MSBuild version 17.4.1+9a89d02ff for .NET Framework
  Microsoft (R) C/C++ Optimizing Compiler Version 19.34.31937 for x64
  CheckSymbolExists.c
D:\Study\Python\Lib\opencv-4.5.0\build\CMakeFiles\CMakeScratch\TryCompile-f5bfpg\CheckSymbolExists.c(8,27): error C2065: 'memalign': undeclared identifier [D:\Study\Python\Lib\opencv-4.5.0\build\CMakeFiles\CMakeScratch\TryCompile-f5bfpg\cmTC_9cbec.vcxproj]
  Copyright (C) Microsoft Corporation.  All rights reserved.
  cl /c /Zi /W3 /WX- /diagnostics:column /MP /Od /Ob0 /Oi /D _MBCS /D WIN32 /D _WINDOWS /D _CRT_SECURE_NO_DEPRECATE /D _CRT_NONSTDC_NO_DEPRECATE /D _SCL_SECURE_NO_WARNINGS /D "CMAKE_INTDIR=\"Debug\"" /Gm- /RTC1 /MDd /GS /Gy /fp:precise /Zc:wchar_t /Zc:forScope /Zc:inline /Fo"cmTC_9cbec.dir\Debug\\" /Fd"cmTC_9cbec.dir\Debug\vc143.pdb" /external:W3 /Gd /TC /errorReport:queue  /bigobj "D:\Study\Python\Lib\opencv-4.5.0\build\CMakeFiles\CMakeScratch\TryCompile-f5bfpg\CheckSymbolExists.c"


File CheckSymbolExists.c:
/* */
#include <malloc.h>

int main(int argc, char** argv)
{
  (void)argv;
#ifndef memalign
  return ((int*)(&memalign))[argc];
#else
  (void)argc;
  return 0;
#endif
}

Performing C SOURCE FILE Test CMAKE_HAVE_LIBC_PTHREAD failed with the following output:
Change Dir: D:/Study/Python/Lib/opencv-4.5.0/build/CMakeFiles/CMakeScratch/TryCompile-rz369j

Run Build Command(s):C:/Program Files/Microsoft Visual Studio/2022/Community/MSBuild/Current/Bin/amd64/MSBuild.exe cmTC_94e59.vcxproj /p:Configuration=Debug /p:Platform=x64 /p:VisualStudioVersion=17.0 /v:m && MSBuild version 17.4.1+9a89d02ff for .NET Framework
  Microsoft (R) C/C++ Optimizing Compiler Version 19.34.31937 for x64
  src.c
  Copyright (C) Microsoft Corporation.  All rights reserved.
  cl /c /Zi /W3 /WX- /diagnostics:column /MP /Od /Ob0 /Oi /D _MBCS /D WIN32 /D _WINDOWS /D _CRT_SECURE_NO_DEPRECATE /D _CRT_NONSTDC_NO_DEPRECATE /D _SCL_SECURE_NO_WARNINGS /D CMAKE_HAVE_LIBC_PTHREAD /D "CMAKE_INTDIR=\"Debug\"" /Gm- /RTC1 /MDd /GS /Gy /fp:precise /Zc:wchar_t /Zc:forScope /Zc:inline /Fo"cmTC_94e59.dir\Debug\\" /Fd"cmTC_94e59.dir\Debug\vc143.pdb" /external:W3 /Gd /TC /errorReport:queue  /bigobj "D:\Study\Python\Lib\opencv-4.5.0\build\CMakeFiles\CMakeScratch\TryCompile-rz369j\src.c"
D:\Study\Python\Lib\opencv-4.5.0\build\CMakeFiles\CMakeScratch\TryCompile-rz369j\src.c(1,10): fatal  error C1083: Cannot open include file: 'pthread.h': No such file or directory [D:\Study\Python\Lib\opencv-4.5.0\build\CMakeFiles\CMakeScratch\TryCompile-rz369j\cmTC_94e59.vcxproj]


Source file was:
#include <pthread.h>

static void* test_func(void* data)
{
  return data;
}

int main(void)
{
  pthread_t thread;
  pthread_create(&thread, NULL, test_func, NULL);
  pthread_detach(thread);
  pthread_cancel(thread);
  pthread_join(thread, NULL);
  pthread_atfork(NULL, NULL, NULL);
  pthread_exit(NULL);

  return 0;
}


Determining if the function pthread_create exists in the pthreads failed with the following output:
Change Dir: D:/Study/Python/Lib/opencv-4.5.0/build/CMakeFiles/CMakeScratch/TryCompile-unlft5

Run Build Command(s):C:/Program Files/Microsoft Visual Studio/2022/Community/MSBuild/Current/Bin/amd64/MSBuild.exe cmTC_421f1.vcxproj /p:Configuration=Debug /p:Platform=x64 /p:VisualStudioVersion=17.0 /v:m && MSBuild version 17.4.1+9a89d02ff for .NET Framework
  Microsoft (R) C/C++ Optimizing Compiler Version 19.34.31937 for x64
  CheckFunctionExists.c
  Copyright (C) Microsoft Corporation.  All rights reserved.
  cl /c /Zi /W3 /WX- /diagnostics:column /MP /Od /Ob0 /Oi /D _MBCS /D WIN32 /D _WINDOWS /D _CRT_SECURE_NO_DEPRECATE /D _CRT_NONSTDC_NO_DEPRECATE /D _SCL_SECURE_NO_WARNINGS /D CHECK_FUNCTION_EXISTS=pthread_create /D "CMAKE_INTDIR=\"Debug\"" /Gm- /RTC1 /MDd /GS /Gy /fp:precise /Zc:wchar_t /Zc:forScope /Zc:inline /Fo"cmTC_421f1.dir\Debug\\" /Fd"cmTC_421f1.dir\Debug\vc143.pdb" /external:W3 /Gd /TC /errorReport:queue  /bigobj "D:\Study\Python\Lib\opencv-4.5.0\build\CMakeFiles\CMakeScratch\TryCompile-unlft5\CheckFunctionExists.c"
LINK : fatal error LNK1104: cannot open file 'pthreads.lib' [D:\Study\Python\Lib\opencv-4.5.0\build\CMakeFiles\CMakeScratch\TryCompile-unlft5\cmTC_421f1.vcxproj]



Determining if the function pthread_create exists in the pthread failed with the following output:
Change Dir: D:/Study/Python/Lib/opencv-4.5.0/build/CMakeFiles/CMakeScratch/TryCompile-xlor0e

Run Build Command(s):C:/Program Files/Microsoft Visual Studio/2022/Community/MSBuild/Current/Bin/amd64/MSBuild.exe cmTC_71406.vcxproj /p:Configuration=Debug /p:Platform=x64 /p:VisualStudioVersion=17.0 /v:m && MSBuild version 17.4.1+9a89d02ff for .NET Framework
  Microsoft (R) C/C++ Optimizing Compiler Version 19.34.31937 for x64
  CheckFunctionExists.c
  Copyright (C) Microsoft Corporation.  All rights reserved.
  cl /c /Zi /W3 /WX- /diagnostics:column /MP /Od /Ob0 /Oi /D _MBCS /D WIN32 /D _WINDOWS /D _CRT_SECURE_NO_DEPRECATE /D _CRT_NONSTDC_NO_DEPRECATE /D _SCL_SECURE_NO_WARNINGS /D CHECK_FUNCTION_EXISTS=pthread_create /D "CMAKE_INTDIR=\"Debug\"" /Gm- /RTC1 /MDd /GS /Gy /fp:precise /Zc:wchar_t /Zc:forScope /Zc:inline /Fo"cmTC_71406.dir\Debug\\" /Fd"cmTC_71406.dir\Debug\vc143.pdb" /external:W3 /Gd /TC /errorReport:queue  /bigobj "D:\Study\Python\Lib\opencv-4.5.0\build\CMakeFiles\CMakeScratch\TryCompile-xlor0e\CheckFunctionExists.c"
LINK : fatal error LNK1104: cannot open file 'pthread.lib' [D:\Study\Python\Lib\opencv-4.5.0\build\CMakeFiles\CMakeScratch\TryCompile-xlor0e\cmTC_71406.vcxproj]



Determining if the function sgemm_ exists failed with the following output:
Change Dir: D:/Study/Python/Lib/opencv-4.5.0/build/CMakeFiles/CMakeScratch/TryCompile-7y4zb4

Run Build Command(s):C:/Program Files/Microsoft Visual Studio/2022/Community/MSBuild/Current/Bin/amd64/MSBuild.exe cmTC_1d71f.vcxproj /p:Configuration=Debug /p:Platform=x64 /p:VisualStudioVersion=17.0 /v:m && MSBuild version 17.4.1+9a89d02ff for .NET Framework
  Microsoft (R) C/C++ Optimizing Compiler Version 19.34.31937 for x64
  CheckFunctionExists.c
  Copyright (C) Microsoft Corporation.  All rights reserved.
  cl /c /Zi /W3 /WX- /diagnostics:column /MP /Od /Ob0 /Oi /D _MBCS /D WIN32 /D _WINDOWS /D _CRT_SECURE_NO_DEPRECATE /D _CRT_NONSTDC_NO_DEPRECATE /D _SCL_SECURE_NO_WARNINGS /D CHECK_FUNCTION_EXISTS=sgemm_ /D "CMAKE_INTDIR=\"Debug\"" /Gm- /RTC1 /MDd /GS /Gy /fp:precise /Zc:wchar_t /Zc:forScope /Zc:inline /Fo"cmTC_1d71f.dir\Debug\\" /Fd"cmTC_1d71f.dir\Debug\vc143.pdb" /external:W3 /Gd /TC /errorReport:queue  /bigobj "D:\Study\Python\Lib\opencv-4.5.0\build\CMakeFiles\CMakeScratch\TryCompile-7y4zb4\CheckFunctionExists.c"
CheckFunctionExists.obj : error LNK2019: unresolved external symbol sgemm_ referenced in function main [D:\Study\Python\Lib\opencv-4.5.0\build\CMakeFiles\CMakeScratch\TryCompile-7y4zb4\cmTC_1d71f.vcxproj]
D:\Study\Python\Lib\opencv-4.5.0\build\CMakeFiles\CMakeScratch\TryCompile-7y4zb4\Debug\cmTC_1d71f.exe : fatal error LNK1120: 1 unresolved externals [D:\Study\Python\Lib\opencv-4.5.0\build\CMakeFiles\CMakeScratch\TryCompile-7y4zb4\cmTC_1d71f.vcxproj]



Performing C SOURCE FILE Test JNI_INCLUDE_PATH2_OPTIONAL failed with the following output:
Change Dir: D:/Study/Python/Lib/opencv-4.5.0/build/CMakeFiles/CMakeScratch/TryCompile-ddl2dl

Run Build Command(s):C:/Program Files/Microsoft Visual Studio/2022/Community/MSBuild/Current/Bin/amd64/MSBuild.exe cmTC_615a3.vcxproj /p:Configuration=Debug /p:Platform=x64 /p:VisualStudioVersion=17.0 /v:m && MSBuild version 17.4.1+9a89d02ff for .NET Framework
  Microsoft (R) C/C++ Optimizing Compiler Version 19.34.31937 for x64
  src.c
  Copyright (C) Microsoft Corporation.  All rights reserved.
  cl /c /I"C:\Program Files\Zulu\zulu-19\include" /Zi /W3 /WX- /diagnostics:column /MP /Od /Ob0 /Oi /D _MBCS /D WIN32 /D _WINDOWS /D _CRT_SECURE_NO_DEPRECATE /D _CRT_NONSTDC_NO_DEPRECATE /D _SCL_SECURE_NO_WARNINGS /D JNI_INCLUDE_PATH2_OPTIONAL /D "CMAKE_INTDIR=\"Debug\"" /Gm- /RTC1 /MDd /GS /Gy /fp:precise /Zc:wchar_t /Zc:forScope /Zc:inline /Fo"cmTC_615a3.dir\Debug\\" /Fd"cmTC_615a3.dir\Debug\vc143.pdb" /external:W3 /Gd /TC /errorReport:queue  /bigobj "D:\Study\Python\Lib\opencv-4.5.0\build\CMakeFiles\CMakeScratch\TryCompile-ddl2dl\src.c"
C:\Program Files\Zulu\zulu-19\include\jni.h(45,10): fatal  error C1083: Cannot open include file: 'jni_md.h': No such file or directory [D:\Study\Python\Lib\opencv-4.5.0\build\CMakeFiles\CMakeScratch\TryCompile-ddl2dl\cmTC_615a3.vcxproj]


Source file was:

#include <jni.h>
int main(void) { return 0; }


